{
  "stats": {
    "suites": 1,
    "tests": 7,
    "passes": 7,
    "pending": 0,
    "failures": 0,
    "start": "2024-10-19T14:55:25.566Z",
    "end": "2024-10-19T14:56:16.951Z",
    "duration": 51385,
    "testsRegistered": 7,
    "passPercent": 100,
    "pendingPercent": 0,
    "other": 0,
    "hasOther": false,
    "skipped": 0,
    "hasSkipped": false
  },
  "results": [
    {
      "uuid": "330fa668-464f-4045-96f6-ea17f00ed2cf",
      "title": "",
      "fullFile": "cypress\\integration\\OrangeHRM\\MenuList.feature",
      "file": "cypress\\integration\\OrangeHRM\\MenuList.feature",
      "beforeHooks": [],
      "afterHooks": [],
      "tests": [],
      "suites": [
        {
          "uuid": "ffb23dc9-6ac9-4990-bb58-ad0972cc1be1",
          "title": "Orangehrmlive Menu after login",
          "fullFile": "",
          "file": "",
          "beforeHooks": [],
          "afterHooks": [],
          "tests": [
            {
              "title": "Admin page should load successfully",
              "fullTitle": "Orangehrmlive Menu after login Admin page should load successfully",
              "timedOut": null,
              "duration": 7865,
              "state": "passed",
              "speed": "medium",
              "pass": true,
              "fail": false,
              "pending": false,
              "context": "{\n  \"title\": \"cypress-mochawesome-reporter-videos-passed\",\n  \"value\": \"cypress\\\\integration\\\\OrangeHRM\\\\MenuList.feature\"\n}",
              "code": "const state = window.testState;\nreturn cy\n  .then(() => state.onStartScenario(scenario, indexedSteps))\n  .then(() =>\n    resolveAndRunBeforeHooks.call(this, scenario.tags, state.feature.name)\n  )\n  .then(() =>\n    indexedSteps.forEach((step) =>\n      stepTest.call(this, state, step, rowData)\n    )\n  )\n  .then(() => state.onFinishScenario(scenario));",
              "err": {},
              "uuid": "c66cd5fe-b8f8-48ee-8ebb-9cf08d9a33c5",
              "parentUUID": "ffb23dc9-6ac9-4990-bb58-ad0972cc1be1",
              "isHook": false,
              "skipped": false
            },
            {
              "title": "PIM page should load successfully",
              "fullTitle": "Orangehrmlive Menu after login PIM page should load successfully",
              "timedOut": null,
              "duration": 6001,
              "state": "passed",
              "speed": "medium",
              "pass": true,
              "fail": false,
              "pending": false,
              "context": "{\n  \"title\": \"cypress-mochawesome-reporter-videos-passed\",\n  \"value\": \"cypress\\\\integration\\\\OrangeHRM\\\\MenuList.feature\"\n}",
              "code": "const state = window.testState;\nreturn cy\n  .then(() => state.onStartScenario(scenario, indexedSteps))\n  .then(() =>\n    resolveAndRunBeforeHooks.call(this, scenario.tags, state.feature.name)\n  )\n  .then(() =>\n    indexedSteps.forEach((step) =>\n      stepTest.call(this, state, step, rowData)\n    )\n  )\n  .then(() => state.onFinishScenario(scenario));",
              "err": {},
              "uuid": "c2a58aba-acc8-4b45-90a0-ec718aec8728",
              "parentUUID": "ffb23dc9-6ac9-4990-bb58-ad0972cc1be1",
              "isHook": false,
              "skipped": false
            },
            {
              "title": "Leave page should load successfully",
              "fullTitle": "Orangehrmlive Menu after login Leave page should load successfully",
              "timedOut": null,
              "duration": 6964,
              "state": "passed",
              "speed": "medium",
              "pass": true,
              "fail": false,
              "pending": false,
              "context": "{\n  \"title\": \"cypress-mochawesome-reporter-videos-passed\",\n  \"value\": \"cypress\\\\integration\\\\OrangeHRM\\\\MenuList.feature\"\n}",
              "code": "const state = window.testState;\nreturn cy\n  .then(() => state.onStartScenario(scenario, indexedSteps))\n  .then(() =>\n    resolveAndRunBeforeHooks.call(this, scenario.tags, state.feature.name)\n  )\n  .then(() =>\n    indexedSteps.forEach((step) =>\n      stepTest.call(this, state, step, rowData)\n    )\n  )\n  .then(() => state.onFinishScenario(scenario));",
              "err": {},
              "uuid": "993ce909-41f3-4133-847e-b094256fb1b3",
              "parentUUID": "ffb23dc9-6ac9-4990-bb58-ad0972cc1be1",
              "isHook": false,
              "skipped": false
            },
            {
              "title": "Recruitment page should load successfully",
              "fullTitle": "Orangehrmlive Menu after login Recruitment page should load successfully",
              "timedOut": null,
              "duration": 6939,
              "state": "passed",
              "speed": "medium",
              "pass": true,
              "fail": false,
              "pending": false,
              "context": "{\n  \"title\": \"cypress-mochawesome-reporter-videos-passed\",\n  \"value\": \"cypress\\\\integration\\\\OrangeHRM\\\\MenuList.feature\"\n}",
              "code": "const state = window.testState;\nreturn cy\n  .then(() => state.onStartScenario(scenario, indexedSteps))\n  .then(() =>\n    resolveAndRunBeforeHooks.call(this, scenario.tags, state.feature.name)\n  )\n  .then(() =>\n    indexedSteps.forEach((step) =>\n      stepTest.call(this, state, step, rowData)\n    )\n  )\n  .then(() => state.onFinishScenario(scenario));",
              "err": {},
              "uuid": "770e814a-0b3f-47a6-a7bf-28476ffc5366",
              "parentUUID": "ffb23dc9-6ac9-4990-bb58-ad0972cc1be1",
              "isHook": false,
              "skipped": false
            },
            {
              "title": "My Info page should load successfully",
              "fullTitle": "Orangehrmlive Menu after login My Info page should load successfully",
              "timedOut": null,
              "duration": 7302,
              "state": "passed",
              "speed": "medium",
              "pass": true,
              "fail": false,
              "pending": false,
              "context": "{\n  \"title\": \"cypress-mochawesome-reporter-videos-passed\",\n  \"value\": \"cypress\\\\integration\\\\OrangeHRM\\\\MenuList.feature\"\n}",
              "code": "const state = window.testState;\nreturn cy\n  .then(() => state.onStartScenario(scenario, indexedSteps))\n  .then(() =>\n    resolveAndRunBeforeHooks.call(this, scenario.tags, state.feature.name)\n  )\n  .then(() =>\n    indexedSteps.forEach((step) =>\n      stepTest.call(this, state, step, rowData)\n    )\n  )\n  .then(() => state.onFinishScenario(scenario));",
              "err": {},
              "uuid": "d01d48f7-818b-4aef-8143-51437d6851b3",
              "parentUUID": "ffb23dc9-6ac9-4990-bb58-ad0972cc1be1",
              "isHook": false,
              "skipped": false
            },
            {
              "title": "Performance page should load successfully",
              "fullTitle": "Orangehrmlive Menu after login Performance page should load successfully",
              "timedOut": null,
              "duration": 7379,
              "state": "passed",
              "speed": "medium",
              "pass": true,
              "fail": false,
              "pending": false,
              "context": "{\n  \"title\": \"cypress-mochawesome-reporter-videos-passed\",\n  \"value\": \"cypress\\\\integration\\\\OrangeHRM\\\\MenuList.feature\"\n}",
              "code": "const state = window.testState;\nreturn cy\n  .then(() => state.onStartScenario(scenario, indexedSteps))\n  .then(() =>\n    resolveAndRunBeforeHooks.call(this, scenario.tags, state.feature.name)\n  )\n  .then(() =>\n    indexedSteps.forEach((step) =>\n      stepTest.call(this, state, step, rowData)\n    )\n  )\n  .then(() => state.onFinishScenario(scenario));",
              "err": {},
              "uuid": "eea39b77-5773-4dbd-ac62-2b5f17e3a8fc",
              "parentUUID": "ffb23dc9-6ac9-4990-bb58-ad0972cc1be1",
              "isHook": false,
              "skipped": false
            },
            {
              "title": "Dashboard page should load successfully",
              "fullTitle": "Orangehrmlive Menu after login Dashboard page should load successfully",
              "timedOut": null,
              "duration": 6522,
              "state": "passed",
              "speed": "medium",
              "pass": true,
              "fail": false,
              "pending": false,
              "context": "{\n  \"title\": \"cypress-mochawesome-reporter-videos-passed\",\n  \"value\": \"cypress\\\\integration\\\\OrangeHRM\\\\MenuList.feature\"\n}",
              "code": "const state = window.testState;\nreturn cy\n  .then(() => state.onStartScenario(scenario, indexedSteps))\n  .then(() =>\n    resolveAndRunBeforeHooks.call(this, scenario.tags, state.feature.name)\n  )\n  .then(() =>\n    indexedSteps.forEach((step) =>\n      stepTest.call(this, state, step, rowData)\n    )\n  )\n  .then(() => state.onFinishScenario(scenario));",
              "err": {},
              "uuid": "fe72ce27-8498-4e07-9d29-81508b902972",
              "parentUUID": "ffb23dc9-6ac9-4990-bb58-ad0972cc1be1",
              "isHook": false,
              "skipped": false
            }
          ],
          "suites": [],
          "passes": [
            "c66cd5fe-b8f8-48ee-8ebb-9cf08d9a33c5",
            "c2a58aba-acc8-4b45-90a0-ec718aec8728",
            "993ce909-41f3-4133-847e-b094256fb1b3",
            "770e814a-0b3f-47a6-a7bf-28476ffc5366",
            "d01d48f7-818b-4aef-8143-51437d6851b3",
            "eea39b77-5773-4dbd-ac62-2b5f17e3a8fc",
            "fe72ce27-8498-4e07-9d29-81508b902972"
          ],
          "failures": [],
          "pending": [],
          "skipped": [],
          "duration": 48972,
          "root": false,
          "rootEmpty": false,
          "_timeout": 2000
        }
      ],
      "passes": [],
      "failures": [],
      "pending": [],
      "skipped": [],
      "duration": 0,
      "root": true,
      "rootEmpty": true,
      "_timeout": 2000
    }
  ],
  "meta": {
    "mocha": {
      "version": "7.0.1"
    },
    "mochawesome": {
      "options": {
        "quiet": false,
        "reportFilename": "test-report.html",
        "saveHtml": false,
        "saveJson": true,
        "consoleReporter": "spec",
        "useInlineDiffs": false,
        "code": true
      },
      "version": "7.1.3"
    },
    "marge": {
      "options": {
        "charts": true,
        "reportPageTitle": "Cypress Report",
        "embeddedScreenshots": true,
        "videoOnFailOnly": false,
        "inlineAssets": true,
        "reportFilename": "test-report.html",
        "overwrite": false,
        "html": false,
        "json": true,
        "reportDir": "cypress\\reports\\html\\.jsons"
      },
      "version": "6.2.0"
    }
  }
}